[www.pinksale.site/launchpad/0x7d9714E63eebC8a8b0F598439895B906E6a06B0bb6c0.html]
[www.pinksale.site/favicon.png]
[www.pinksale.site/logo192.png]
[backblue.gif]
[fade.gif]
[index.html]
[www.pinksale.site/main.9e28e889.chunk.css]
[ajax.googleapis.com/ajax/libs/jquery/2.2.4/jquery.min.js]
[www.pinksale.site/web3.min.js.download.js]
[c.disquscdn.com/next/embed/styles/lounge.aa6d56595a43bd5e887186df12931c03.css]
[www.pinksale.site/pinkswap.a95de4f3.png]
[www.pinksale.site/launchpad/logos/Choji Inu.jpg]
[unpkg.com/web3@1.5.0/dist/web3.min.js]
[unpkg.com/web3modal@1.9.3/dist/index.js]
[unpkg.com/evm-chains@0.2.0/dist/umd/index.min.js]
[unpkg.com/@walletconnect/web3-provider@1.5.2/dist/umd/index.min.js]
[www.pinksale.site/launchpad/0x7d9714E63eebC8a8b0F598439895B906E6a06B0bb6c0.html]
[www.pinksale.site/main.9e28e889.chunk.css]
[c.disquscdn.com/next/embed/styles/lounge.aa6d56595a43bd5e887186df12931c03.css]
[www.pinksale.site/main_3.5.js]
